{
  "RSpec": {
    "coverage": {
      "/Users/igordmed/git/atm/app/controllers/accounts_controller.rb": [
        1,
        1,
        null,
        1,
        2,
        2,
        null,
        2,
        null,
        null,
        1,
        1,
        null,
        null
      ],
      "/Users/igordmed/git/atm/app/controllers/application_controller.rb": [
        1,
        1,
        22,
        null,
        null,
        1,
        4,
        4,
        null,
        null,
        null,
        null,
        null,
        1,
        4,
        null,
        null,
        null
      ],
      "/Users/igordmed/git/atm/app/controllers/deposits_controller.rb": [
        1,
        1,
        2,
        2,
        2,
        2,
        2,
        2,
        2,
        1,
        1,
        1,
        1,
        null,
        1,
        null,
        null,
        0,
        null,
        null,
        null
      ],
      "/Users/igordmed/git/atm/app/controllers/limits_controller.rb": [
        1,
        null,
        1,
        2,
        2,
        1,
        1,
        null,
        1,
        null,
        null,
        null
      ],
      "/Users/igordmed/git/atm/app/controllers/transfers_controller.rb": [
        1,
        1,
        2,
        2,
        2,
        2,
        1,
        1,
        1,
        1,
        null,
        1,
        null,
        null,
        0,
        null,
        null,
        null
      ],
      "/Users/igordmed/git/atm/app/controllers/users_controller.rb": [
        1,
        1,
        null,
        1,
        1,
        1,
        null,
        null,
        1,
        1,
        1,
        null,
        null,
        1,
        1,
        null,
        null,
        1,
        1,
        1,
        null,
        null,
        1,
        1,
        1,
        null,
        null,
        1,
        1,
        2,
        null,
        null
      ],
      "/Users/igordmed/git/atm/app/controllers/withdraws_controller.rb": [
        1,
        1,
        null,
        1,
        3,
        1,
        1,
        1,
        null,
        2,
        null,
        null,
        null,
        1,
        3,
        3,
        2,
        2,
        1,
        1,
        1,
        null,
        1,
        null,
        null,
        1,
        null,
        null,
        null
      ],
      "/Users/igordmed/git/atm/app/models/account.rb": [
        1,
        1,
        null,
        1,
        null,
        1,
        41,
        41,
        41,
        41,
        41,
        null,
        null,
        1,
        41,
        41,
        null,
        null,
        1,
        41,
        null,
        null,
        1,
        41,
        null,
        null,
        1,
        41,
        null,
        null,
        1,
        41,
        null,
        null,
        1,
        1,
        451,
        null,
        null
      ],
      "/Users/igordmed/git/atm/app/models/address.rb": [
        1,
        1,
        null
      ],
      "/Users/igordmed/git/atm/app/models/money_dispenser.rb": [
        1,
        1,
        3,
        null,
        null,
        1,
        1,
        45,
        45,
        null,
        45,
        45,
        45,
        null,
        0,
        0,
        0,
        null,
        null,
        null,
        1,
        3,
        3,
        3,
        null,
        3,
        12,
        45,
        45,
        null,
        null,
        null,
        3,
        null,
        null,
        1,
        3,
        48,
        3,
        null,
        null
      ],
      "/Users/igordmed/git/atm/app/channels/application_cable/channel.rb": [
        0,
        0,
        0,
        0
      ],
      "/Users/igordmed/git/atm/app/channels/application_cable/connection.rb": [
        0,
        0,
        0,
        0
      ],
      "/Users/igordmed/git/atm/app/jobs/application_job.rb": [
        0,
        0
      ],
      "/Users/igordmed/git/atm/app/mailers/application_mailer.rb": [
        0,
        0,
        0,
        0
      ],
      "/Users/igordmed/git/atm/app/models/application_record.rb": [
        0,
        0,
        0
      ],
      "/Users/igordmed/git/atm/app/models/transaction.rb": [
        0,
        0,
        0
      ],
      "/Users/igordmed/git/atm/app/models/user.rb": [
        0,
        0,
        0,
        0,
        0,
        0,
        0,
        0,
        0,
        0,
        0
      ]
    },
    "timestamp": 1493941651
  }
}
